[0.026s] Invoking command in '/home/user/ros2_ws/src/ros2_ws_interface/build/ros2_ws_interface': CMAKE_PREFIX_PATH=${CMAKE_PREFIX_PATH}:/home/simulations/ros2_sims_ws/install/rclrs_tests:/home/simulations/ros2_sims_ws/install/examples_rclrs_minimal_client_service:/home/simulations/ros2_sims_ws/install/sensor_msgs_py:/home/simulations/ros2_sims_ws/install/examples_rclrs_minimal_pub_sub:/home/simulations/ros2_sims_ws/install/examples_rclrs_message_demo:/home/simulations/ros2_sims_ws/install/rclrs:/home/simulations/ros2_sims_ws/install/rosidl_runtime_rs:/home/user/ros2_ws/install/py_pkg:/opt/ros/humble _=/usr/bin/env /usr/bin/cmake --build /home/user/ros2_ws/src/ros2_ws_interface/build/ros2_ws_interface -- -j8 -l8
[0.067s] -- Found ament_cmake: 1.3.8 (/opt/ros/humble/share/ament_cmake/cmake)
[0.259s] -- Found rosidl_default_generators: 1.2.0 (/home/simulations/ros2_sims_ws/install/rosidl_default_generators/share/rosidl_default_generators/cmake)
[0.266s] -- Using all available rosidl_typesupport_c: rosidl_typesupport_fastrtps_c;rosidl_typesupport_introspection_c
[0.269s] -- Found rosidl_adapter: 3.1.5 (/opt/ros/humble/share/rosidl_adapter/cmake)
[0.310s] -- Using all available rosidl_typesupport_cpp: rosidl_typesupport_fastrtps_cpp;rosidl_typesupport_introspection_cpp
[0.697s] -- Found ament_cmake_ros: 0.10.0 (/opt/ros/humble/share/ament_cmake_ros/cmake)
[0.955s] -- Using all available rosidl_typesupport_c: rosidl_typesupport_fastrtps_c;rosidl_typesupport_introspection_c
[1.290s] -- Using all available rosidl_typesupport_cpp: rosidl_typesupport_fastrtps_cpp;rosidl_typesupport_introspection_cpp
[1.291s] -- Found rmw_implementation_cmake: 6.1.1 (/opt/ros/humble/share/rmw_implementation_cmake/cmake)
[1.570s] -- Found python_cmake_module: 0.10.0 (/opt/ros/humble/share/python_cmake_module/cmake)
[1.605s] -- Using PYTHON_EXECUTABLE: /usr/bin/python3
[1.605s] -- Using PYTHON_INCLUDE_DIRS: /usr/include/python3.10
[1.605s] -- Using PYTHON_LIBRARIES: /usr/lib/x86_64-linux-gnu/libpython3.10.so
[1.643s] -- Configuring done
[1.684s] -- Generating done
[1.689s] -- Build files have been written to: /home/user/ros2_ws/src/ros2_ws_interface/build/ros2_ws_interface
[1.734s] [  2%] [34m[1mGenerating C code for ROS interfaces[0m
[1.754s] [  5%] [34m[1mGenerating C++ code for ROS interfaces[0m
[1.768s] [  7%] [34m[1mGenerating Rust code for ROS interfaces[0m
[1.794s] [  7%] Built target ament_cmake_python_copy_ros2_ws_interface
[2.583s] running egg_info
[2.584s] writing ros2_ws_interface.egg-info/PKG-INFO
[2.584s] writing dependency_links to ros2_ws_interface.egg-info/dependency_links.txt
[2.585s] writing top-level names to ros2_ws_interface.egg-info/top_level.txt
[2.589s] reading manifest file 'ros2_ws_interface.egg-info/SOURCES.txt'
[2.590s] writing manifest file 'ros2_ws_interface.egg-info/SOURCES.txt'
[2.700s] [  7%] Built target ament_cmake_python_build_ros2_ws_interface_egg
[2.704s] [  7%] Built target ros2_ws_interface__rs
[2.791s] [35m[1mConsolidate compiler generated dependencies of target ros2_ws_interface__rosidl_generator_c[0m
[2.858s] [ 10%] [32mBuilding C object CMakeFiles/ros2_ws_interface__rosidl_generator_c.dir/rosidl_generator_c/ros2_ws_interface/msg/detail/student__functions.c.o[0m
[2.858s] [ 12%] [32mBuilding C object CMakeFiles/ros2_ws_interface__rosidl_generator_c.dir/rosidl_generator_c/ros2_ws_interface/srv/detail/grade_point_average__functions.c.o[0m
[2.861s] [ 12%] Built target ros2_ws_interface__cpp
[2.884s] [ 15%] [34m[1mGenerating C++ type support dispatch for ROS interfaces[0m
[2.887s] [ 17%] [34m[1mGenerating C++ type support for eProsima Fast-RTPS[0m
[2.897s] [ 20%] [34m[1mGenerating C++ introspection for ROS interfaces[0m
[3.177s] [ 22%] [32m[1mLinking C shared library libros2_ws_interface__rosidl_generator_c.so[0m
[3.287s] [ 22%] Built target ros2_ws_interface__rosidl_generator_c
[3.359s] [ 25%] [34m[1mGenerating C type support for eProsima Fast-RTPS[0m
[3.374s] [ 27%] [34m[1mGenerating C introspection for ROS interfaces[0m
[3.376s] [ 30%] [34m[1mGenerating C type support dispatch for ROS interfaces[0m
[3.888s] [35m[1mConsolidate compiler generated dependencies of target ros2_ws_interface__rosidl_typesupport_cpp[0m
[3.982s] [35m[1mConsolidate compiler generated dependencies of target ros2_ws_interface__rosidl_typesupport_fastrtps_cpp[0m
[4.056s] [ 32%] [32mBuilding CXX object CMakeFiles/ros2_ws_interface__rosidl_typesupport_cpp.dir/rosidl_typesupport_cpp/ros2_ws_interface/msg/student__type_support.cpp.o[0m
[4.064s] [ 35%] [32mBuilding CXX object CMakeFiles/ros2_ws_interface__rosidl_typesupport_cpp.dir/rosidl_typesupport_cpp/ros2_ws_interface/srv/grade_point_average__type_support.cpp.o[0m
[4.084s] [ 37%] [32mBuilding CXX object CMakeFiles/ros2_ws_interface__rosidl_typesupport_fastrtps_cpp.dir/rosidl_typesupport_fastrtps_cpp/ros2_ws_interface/msg/detail/dds_fastrtps/student__type_support.cpp.o[0m
[4.087s] [ 40%] [32mBuilding CXX object CMakeFiles/ros2_ws_interface__rosidl_typesupport_fastrtps_cpp.dir/rosidl_typesupport_fastrtps_cpp/ros2_ws_interface/srv/detail/dds_fastrtps/grade_point_average__type_support.cpp.o[0m
[4.159s] [35m[1mConsolidate compiler generated dependencies of target ros2_ws_interface__rosidl_typesupport_introspection_cpp[0m
[4.279s] [ 42%] [32mBuilding CXX object CMakeFiles/ros2_ws_interface__rosidl_typesupport_introspection_cpp.dir/rosidl_typesupport_introspection_cpp/ros2_ws_interface/msg/detail/student__type_support.cpp.o[0m
[4.757s] [35m[1mConsolidate compiler generated dependencies of target ros2_ws_interface__rosidl_typesupport_c[0m
[4.783s] [ 45%] [32mBuilding CXX object CMakeFiles/ros2_ws_interface__rosidl_typesupport_c.dir/rosidl_typesupport_c/ros2_ws_interface/msg/student__type_support.cpp.o[0m
[5.061s] [ 47%] [32mBuilding CXX object CMakeFiles/ros2_ws_interface__rosidl_typesupport_c.dir/rosidl_typesupport_c/ros2_ws_interface/srv/grade_point_average__type_support.cpp.o[0m
[5.366s] [ 50%] [32m[1mLinking CXX shared library libros2_ws_interface__rosidl_typesupport_c.so[0m
[5.455s] [35m[1mConsolidate compiler generated dependencies of target ros2_ws_interface__rosidl_typesupport_fastrtps_c[0m
[5.476s] [35m[1mConsolidate compiler generated dependencies of target ros2_ws_interface__rosidl_typesupport_introspection_c[0m
[5.484s] [ 52%] [32mBuilding CXX object CMakeFiles/ros2_ws_interface__rosidl_typesupport_fastrtps_c.dir/rosidl_typesupport_fastrtps_c/ros2_ws_interface/msg/detail/student__type_support_c.cpp.o[0m
[5.584s] [ 55%] [32mBuilding CXX object CMakeFiles/ros2_ws_interface__rosidl_typesupport_introspection_cpp.dir/rosidl_typesupport_introspection_cpp/ros2_ws_interface/srv/detail/grade_point_average__type_support.cpp.o[0m
[5.657s] [ 57%] [32m[1mLinking CXX shared library libros2_ws_interface__rosidl_typesupport_cpp.so[0m
[5.659s] [ 60%] [32mBuilding C object CMakeFiles/ros2_ws_interface__rosidl_typesupport_introspection_c.dir/rosidl_typesupport_introspection_c/ros2_ws_interface/msg/detail/student__type_support.c.o[0m
[5.767s] [ 60%] Built target ros2_ws_interface__rosidl_typesupport_c
[5.860s] [ 62%] [32mBuilding C object CMakeFiles/ros2_ws_interface__rosidl_typesupport_introspection_c.dir/rosidl_typesupport_introspection_c/ros2_ws_interface/srv/detail/grade_point_average__type_support.c.o[0m
[5.866s] [ 65%] [32mBuilding CXX object CMakeFiles/ros2_ws_interface__rosidl_typesupport_fastrtps_c.dir/rosidl_typesupport_fastrtps_c/ros2_ws_interface/srv/detail/grade_point_average__type_support_c.cpp.o[0m
[5.991s] [ 65%] Built target ros2_ws_interface__rosidl_typesupport_cpp
[6.081s] [ 67%] [32m[1mLinking C shared library libros2_ws_interface__rosidl_typesupport_introspection_c.so[0m
[6.263s] [ 67%] Built target ros2_ws_interface__rosidl_typesupport_introspection_c
[6.481s] [ 70%] [32m[1mLinking CXX shared library libros2_ws_interface__rosidl_typesupport_fastrtps_cpp.so[0m
[6.682s] [ 70%] Built target ros2_ws_interface__rosidl_typesupport_fastrtps_cpp
[6.782s] [ 72%] [32m[1mLinking CXX shared library libros2_ws_interface__rosidl_typesupport_fastrtps_c.so[0m
[6.798s] [ 75%] [32m[1mLinking CXX shared library libros2_ws_interface__rosidl_typesupport_introspection_cpp.so[0m
[6.873s] [ 75%] Built target ros2_ws_interface__rosidl_typesupport_fastrtps_c
[6.881s] [ 75%] Built target ros2_ws_interface__rosidl_typesupport_introspection_cpp
[6.910s] [ 75%] Built target ros2_ws_interface
[6.939s] [ 77%] [34m[1mGenerating Python code for ROS interfaces[0m
[7.507s] [ 77%] Built target ros2_ws_interface__py
[7.523s] [35m[1mConsolidate compiler generated dependencies of target ros2_ws_interface__rosidl_generator_py[0m
[7.544s] [ 80%] [32mBuilding C object CMakeFiles/ros2_ws_interface__rosidl_generator_py.dir/rosidl_generator_py/ros2_ws_interface/msg/_student_s.c.o[0m
[7.545s] [ 82%] [32mBuilding C object CMakeFiles/ros2_ws_interface__rosidl_generator_py.dir/rosidl_generator_py/ros2_ws_interface/srv/_grade_point_average_s.c.o[0m
[7.678s] [ 85%] [32m[1mLinking C shared library rosidl_generator_py/ros2_ws_interface/libros2_ws_interface__rosidl_generator_py.so[0m
[7.733s] [ 85%] Built target ros2_ws_interface__rosidl_generator_py
[7.756s] [35m[1mConsolidate compiler generated dependencies of target ros2_ws_interface__rosidl_typesupport_introspection_c__pyext[0m
[7.758s] [35m[1mConsolidate compiler generated dependencies of target ros2_ws_interface__rosidl_typesupport_c__pyext[0m
[7.763s] [35m[1mConsolidate compiler generated dependencies of target ros2_ws_interface__rosidl_typesupport_fastrtps_c__pyext[0m
[7.781s] [ 87%] [32mBuilding C object CMakeFiles/ros2_ws_interface__rosidl_typesupport_introspection_c__pyext.dir/rosidl_generator_py/ros2_ws_interface/_ros2_ws_interface_s.ep.rosidl_typesupport_introspection_c.c.o[0m
[7.783s] [ 90%] [32mBuilding C object CMakeFiles/ros2_ws_interface__rosidl_typesupport_c__pyext.dir/rosidl_generator_py/ros2_ws_interface/_ros2_ws_interface_s.ep.rosidl_typesupport_c.c.o[0m
[7.788s] [ 92%] [32mBuilding C object CMakeFiles/ros2_ws_interface__rosidl_typesupport_fastrtps_c__pyext.dir/rosidl_generator_py/ros2_ws_interface/_ros2_ws_interface_s.ep.rosidl_typesupport_fastrtps_c.c.o[0m
[7.994s] [ 95%] [32m[1mLinking C shared library rosidl_generator_py/ros2_ws_interface/ros2_ws_interface_s__rosidl_typesupport_fastrtps_c.cpython-310-x86_64-linux-gnu.so[0m
[8.002s] [ 97%] [32m[1mLinking C shared library rosidl_generator_py/ros2_ws_interface/ros2_ws_interface_s__rosidl_typesupport_c.cpython-310-x86_64-linux-gnu.so[0m
[8.007s] [100%] [32m[1mLinking C shared library rosidl_generator_py/ros2_ws_interface/ros2_ws_interface_s__rosidl_typesupport_introspection_c.cpython-310-x86_64-linux-gnu.so[0m
[8.084s] [100%] Built target ros2_ws_interface__rosidl_typesupport_fastrtps_c__pyext
[8.087s] [100%] Built target ros2_ws_interface__rosidl_typesupport_c__pyext
[8.100s] [100%] Built target ros2_ws_interface__rosidl_typesupport_introspection_c__pyext
[8.114s] Invoked command in '/home/user/ros2_ws/src/ros2_ws_interface/build/ros2_ws_interface' returned '0': CMAKE_PREFIX_PATH=${CMAKE_PREFIX_PATH}:/home/simulations/ros2_sims_ws/install/rclrs_tests:/home/simulations/ros2_sims_ws/install/examples_rclrs_minimal_client_service:/home/simulations/ros2_sims_ws/install/sensor_msgs_py:/home/simulations/ros2_sims_ws/install/examples_rclrs_minimal_pub_sub:/home/simulations/ros2_sims_ws/install/examples_rclrs_message_demo:/home/simulations/ros2_sims_ws/install/rclrs:/home/simulations/ros2_sims_ws/install/rosidl_runtime_rs:/home/user/ros2_ws/install/py_pkg:/opt/ros/humble _=/usr/bin/env /usr/bin/cmake --build /home/user/ros2_ws/src/ros2_ws_interface/build/ros2_ws_interface -- -j8 -l8
[8.341s] Invoking command in '/home/user/ros2_ws/src/ros2_ws_interface/build/ros2_ws_interface': CMAKE_PREFIX_PATH=${CMAKE_PREFIX_PATH}:/home/simulations/ros2_sims_ws/install/rclrs_tests:/home/simulations/ros2_sims_ws/install/examples_rclrs_minimal_client_service:/home/simulations/ros2_sims_ws/install/sensor_msgs_py:/home/simulations/ros2_sims_ws/install/examples_rclrs_minimal_pub_sub:/home/simulations/ros2_sims_ws/install/examples_rclrs_message_demo:/home/simulations/ros2_sims_ws/install/rclrs:/home/simulations/ros2_sims_ws/install/rosidl_runtime_rs:/home/user/ros2_ws/install/py_pkg:/opt/ros/humble _=/usr/bin/env /usr/bin/cmake --install /home/user/ros2_ws/src/ros2_ws_interface/build/ros2_ws_interface
[8.352s] -- Install configuration: ""
[8.352s] -- Installing: /home/user/ros2_ws/src/ros2_ws_interface/install/ros2_ws_interface/share/ament_index/resource_index/rosidl_interfaces/ros2_ws_interface
[8.353s] -- Up-to-date: /home/user/ros2_ws/src/ros2_ws_interface/install/ros2_ws_interface/include/ros2_ws_interface/ros2_ws_interface
[8.353s] -- Installing: /home/user/ros2_ws/src/ros2_ws_interface/install/ros2_ws_interface/include/ros2_ws_interface/ros2_ws_interface/srv
[8.353s] -- Installing: /home/user/ros2_ws/src/ros2_ws_interface/install/ros2_ws_interface/include/ros2_ws_interface/ros2_ws_interface/srv/detail
[8.353s] -- Installing: /home/user/ros2_ws/src/ros2_ws_interface/install/ros2_ws_interface/include/ros2_ws_interface/ros2_ws_interface/srv/detail/grade_point_average__functions.c
[8.353s] -- Installing: /home/user/ros2_ws/src/ros2_ws_interface/install/ros2_ws_interface/include/ros2_ws_interface/ros2_ws_interface/srv/detail/grade_point_average__type_support.h
[8.353s] -- Installing: /home/user/ros2_ws/src/ros2_ws_interface/install/ros2_ws_interface/include/ros2_ws_interface/ros2_ws_interface/srv/detail/grade_point_average__struct.h
[8.356s] -- Installing: /home/user/ros2_ws/src/ros2_ws_interface/install/ros2_ws_interface/include/ros2_ws_interface/ros2_ws_interface/srv/detail/grade_point_average__functions.h
[8.356s] -- Installing: /home/user/ros2_ws/src/ros2_ws_interface/install/ros2_ws_interface/include/ros2_ws_interface/ros2_ws_interface/srv/grade_point_average.h
[8.356s] -- Up-to-date: /home/user/ros2_ws/src/ros2_ws_interface/install/ros2_ws_interface/include/ros2_ws_interface/ros2_ws_interface/msg
[8.356s] -- Up-to-date: /home/user/ros2_ws/src/ros2_ws_interface/install/ros2_ws_interface/include/ros2_ws_interface/ros2_ws_interface/msg/detail
[8.356s] -- Installing: /home/user/ros2_ws/src/ros2_ws_interface/install/ros2_ws_interface/include/ros2_ws_interface/ros2_ws_interface/msg/detail/student__functions.c
[8.356s] -- Installing: /home/user/ros2_ws/src/ros2_ws_interface/install/ros2_ws_interface/include/ros2_ws_interface/ros2_ws_interface/msg/detail/student__functions.h
[8.357s] -- Installing: /home/user/ros2_ws/src/ros2_ws_interface/install/ros2_ws_interface/include/ros2_ws_interface/ros2_ws_interface/msg/detail/student__type_support.h
[8.357s] -- Installing: /home/user/ros2_ws/src/ros2_ws_interface/install/ros2_ws_interface/include/ros2_ws_interface/ros2_ws_interface/msg/detail/student__struct.h
[8.357s] -- Up-to-date: /home/user/ros2_ws/src/ros2_ws_interface/install/ros2_ws_interface/include/ros2_ws_interface/ros2_ws_interface/msg/rosidl_generator_c__visibility_control.h
[8.357s] -- Installing: /home/user/ros2_ws/src/ros2_ws_interface/install/ros2_ws_interface/include/ros2_ws_interface/ros2_ws_interface/msg/student.h
[8.357s] -- Up-to-date: /home/user/ros2_ws/src/ros2_ws_interface/install/ros2_ws_interface/share/ros2_ws_interface/environment/library_path.sh
[8.357s] -- Installing: /home/user/ros2_ws/src/ros2_ws_interface/install/ros2_ws_interface/share/ros2_ws_interface/environment/library_path.dsv
[8.357s] -- Installing: /home/user/ros2_ws/src/ros2_ws_interface/install/ros2_ws_interface/lib/libros2_ws_interface__rosidl_generator_c.so
[8.357s] -- Set runtime path of "/home/user/ros2_ws/src/ros2_ws_interface/install/ros2_ws_interface/lib/libros2_ws_interface__rosidl_generator_c.so" to ""
[8.358s] -- Up-to-date: /home/user/ros2_ws/src/ros2_ws_interface/install/ros2_ws_interface/include/ros2_ws_interface/ros2_ws_interface
[8.359s] -- Up-to-date: /home/user/ros2_ws/src/ros2_ws_interface/install/ros2_ws_interface/include/ros2_ws_interface/ros2_ws_interface/srv
[8.359s] -- Up-to-date: /home/user/ros2_ws/src/ros2_ws_interface/install/ros2_ws_interface/include/ros2_ws_interface/ros2_ws_interface/srv/detail
[8.359s] -- Installing: /home/user/ros2_ws/src/ros2_ws_interface/install/ros2_ws_interface/include/ros2_ws_interface/ros2_ws_interface/srv/detail/grade_point_average__rosidl_typesupport_fastrtps_c.h
[8.359s] -- Up-to-date: /home/user/ros2_ws/src/ros2_ws_interface/install/ros2_ws_interface/include/ros2_ws_interface/ros2_ws_interface/msg
[8.359s] -- Up-to-date: /home/user/ros2_ws/src/ros2_ws_interface/install/ros2_ws_interface/include/ros2_ws_interface/ros2_ws_interface/msg/detail
[8.359s] -- Installing: /home/user/ros2_ws/src/ros2_ws_interface/install/ros2_ws_interface/include/ros2_ws_interface/ros2_ws_interface/msg/detail/student__rosidl_typesupport_fastrtps_c.h
[8.359s] -- Up-to-date: /home/user/ros2_ws/src/ros2_ws_interface/install/ros2_ws_interface/include/ros2_ws_interface/ros2_ws_interface/msg/rosidl_typesupport_fastrtps_c__visibility_control.h
[8.360s] -- Installing: /home/user/ros2_ws/src/ros2_ws_interface/install/ros2_ws_interface/lib/libros2_ws_interface__rosidl_typesupport_fastrtps_c.so
[8.360s] -- Set runtime path of "/home/user/ros2_ws/src/ros2_ws_interface/install/ros2_ws_interface/lib/libros2_ws_interface__rosidl_typesupport_fastrtps_c.so" to ""
[8.360s] -- Up-to-date: /home/user/ros2_ws/src/ros2_ws_interface/install/ros2_ws_interface/include/ros2_ws_interface/ros2_ws_interface
[8.360s] -- Up-to-date: /home/user/ros2_ws/src/ros2_ws_interface/install/ros2_ws_interface/include/ros2_ws_interface/ros2_ws_interface/srv
[8.360s] -- Up-to-date: /home/user/ros2_ws/src/ros2_ws_interface/install/ros2_ws_interface/include/ros2_ws_interface/ros2_ws_interface/srv/detail
[8.360s] -- Installing: /home/user/ros2_ws/src/ros2_ws_interface/install/ros2_ws_interface/include/ros2_ws_interface/ros2_ws_interface/srv/detail/grade_point_average__type_support.c
[8.360s] -- Installing: /home/user/ros2_ws/src/ros2_ws_interface/install/ros2_ws_interface/include/ros2_ws_interface/ros2_ws_interface/srv/detail/grade_point_average__rosidl_typesupport_introspection_c.h
[8.361s] -- Up-to-date: /home/user/ros2_ws/src/ros2_ws_interface/install/ros2_ws_interface/include/ros2_ws_interface/ros2_ws_interface/msg
[8.361s] -- Up-to-date: /home/user/ros2_ws/src/ros2_ws_interface/install/ros2_ws_interface/include/ros2_ws_interface/ros2_ws_interface/msg/detail
[8.361s] -- Installing: /home/user/ros2_ws/src/ros2_ws_interface/install/ros2_ws_interface/include/ros2_ws_interface/ros2_ws_interface/msg/detail/student__rosidl_typesupport_introspection_c.h
[8.361s] -- Installing: /home/user/ros2_ws/src/ros2_ws_interface/install/ros2_ws_interface/include/ros2_ws_interface/ros2_ws_interface/msg/detail/student__type_support.c
[8.361s] -- Up-to-date: /home/user/ros2_ws/src/ros2_ws_interface/install/ros2_ws_interface/include/ros2_ws_interface/ros2_ws_interface/msg/rosidl_typesupport_introspection_c__visibility_control.h
[8.361s] -- Installing: /home/user/ros2_ws/src/ros2_ws_interface/install/ros2_ws_interface/lib/libros2_ws_interface__rosidl_typesupport_introspection_c.so
[8.361s] -- Set runtime path of "/home/user/ros2_ws/src/ros2_ws_interface/install/ros2_ws_interface/lib/libros2_ws_interface__rosidl_typesupport_introspection_c.so" to ""
[8.362s] -- Installing: /home/user/ros2_ws/src/ros2_ws_interface/install/ros2_ws_interface/lib/libros2_ws_interface__rosidl_typesupport_c.so
[8.362s] -- Set runtime path of "/home/user/ros2_ws/src/ros2_ws_interface/install/ros2_ws_interface/lib/libros2_ws_interface__rosidl_typesupport_c.so" to ""
[8.362s] -- Up-to-date: /home/user/ros2_ws/src/ros2_ws_interface/install/ros2_ws_interface/include/ros2_ws_interface/ros2_ws_interface
[8.362s] -- Up-to-date: /home/user/ros2_ws/src/ros2_ws_interface/install/ros2_ws_interface/include/ros2_ws_interface/ros2_ws_interface/srv
[8.362s] -- Up-to-date: /home/user/ros2_ws/src/ros2_ws_interface/install/ros2_ws_interface/include/ros2_ws_interface/ros2_ws_interface/srv/detail
[8.362s] -- Installing: /home/user/ros2_ws/src/ros2_ws_interface/install/ros2_ws_interface/include/ros2_ws_interface/ros2_ws_interface/srv/detail/grade_point_average__builder.hpp
[8.362s] -- Installing: /home/user/ros2_ws/src/ros2_ws_interface/install/ros2_ws_interface/include/ros2_ws_interface/ros2_ws_interface/srv/detail/grade_point_average__struct.hpp
[8.362s] -- Installing: /home/user/ros2_ws/src/ros2_ws_interface/install/ros2_ws_interface/include/ros2_ws_interface/ros2_ws_interface/srv/detail/grade_point_average__traits.hpp
[8.362s] -- Installing: /home/user/ros2_ws/src/ros2_ws_interface/install/ros2_ws_interface/include/ros2_ws_interface/ros2_ws_interface/srv/grade_point_average.hpp
[8.363s] -- Up-to-date: /home/user/ros2_ws/src/ros2_ws_interface/install/ros2_ws_interface/include/ros2_ws_interface/ros2_ws_interface/msg
[8.363s] -- Up-to-date: /home/user/ros2_ws/src/ros2_ws_interface/install/ros2_ws_interface/include/ros2_ws_interface/ros2_ws_interface/msg/detail
[8.363s] -- Installing: /home/user/ros2_ws/src/ros2_ws_interface/install/ros2_ws_interface/include/ros2_ws_interface/ros2_ws_interface/msg/detail/student__builder.hpp
[8.363s] -- Installing: /home/user/ros2_ws/src/ros2_ws_interface/install/ros2_ws_interface/include/ros2_ws_interface/ros2_ws_interface/msg/detail/student__traits.hpp
[8.363s] -- Installing: /home/user/ros2_ws/src/ros2_ws_interface/install/ros2_ws_interface/include/ros2_ws_interface/ros2_ws_interface/msg/detail/student__struct.hpp
[8.363s] -- Installing: /home/user/ros2_ws/src/ros2_ws_interface/install/ros2_ws_interface/include/ros2_ws_interface/ros2_ws_interface/msg/student.hpp
[8.363s] -- Up-to-date: /home/user/ros2_ws/src/ros2_ws_interface/install/ros2_ws_interface/include/ros2_ws_interface/ros2_ws_interface
[8.363s] -- Up-to-date: /home/user/ros2_ws/src/ros2_ws_interface/install/ros2_ws_interface/include/ros2_ws_interface/ros2_ws_interface/srv
[8.364s] -- Up-to-date: /home/user/ros2_ws/src/ros2_ws_interface/install/ros2_ws_interface/include/ros2_ws_interface/ros2_ws_interface/srv/detail
[8.364s] -- Installing: /home/user/ros2_ws/src/ros2_ws_interface/install/ros2_ws_interface/include/ros2_ws_interface/ros2_ws_interface/srv/detail/grade_point_average__rosidl_typesupport_fastrtps_cpp.hpp
[8.364s] -- Installing: /home/user/ros2_ws/src/ros2_ws_interface/install/ros2_ws_interface/include/ros2_ws_interface/ros2_ws_interface/srv/detail/dds_fastrtps
[8.364s] -- Up-to-date: /home/user/ros2_ws/src/ros2_ws_interface/install/ros2_ws_interface/include/ros2_ws_interface/ros2_ws_interface/msg
[8.364s] -- Up-to-date: /home/user/ros2_ws/src/ros2_ws_interface/install/ros2_ws_interface/include/ros2_ws_interface/ros2_ws_interface/msg/detail
[8.364s] -- Installing: /home/user/ros2_ws/src/ros2_ws_interface/install/ros2_ws_interface/include/ros2_ws_interface/ros2_ws_interface/msg/detail/student__rosidl_typesupport_fastrtps_cpp.hpp
[8.364s] -- Up-to-date: /home/user/ros2_ws/src/ros2_ws_interface/install/ros2_ws_interface/include/ros2_ws_interface/ros2_ws_interface/msg/detail/dds_fastrtps
[8.365s] -- Up-to-date: /home/user/ros2_ws/src/ros2_ws_interface/install/ros2_ws_interface/include/ros2_ws_interface/ros2_ws_interface/msg/rosidl_typesupport_fastrtps_cpp__visibility_control.h
[8.365s] -- Installing: /home/user/ros2_ws/src/ros2_ws_interface/install/ros2_ws_interface/lib/libros2_ws_interface__rosidl_typesupport_fastrtps_cpp.so
[8.365s] -- Set runtime path of "/home/user/ros2_ws/src/ros2_ws_interface/install/ros2_ws_interface/lib/libros2_ws_interface__rosidl_typesupport_fastrtps_cpp.so" to ""
[8.365s] -- Up-to-date: /home/user/ros2_ws/src/ros2_ws_interface/install/ros2_ws_interface/include/ros2_ws_interface/ros2_ws_interface
[8.365s] -- Up-to-date: /home/user/ros2_ws/src/ros2_ws_interface/install/ros2_ws_interface/include/ros2_ws_interface/ros2_ws_interface/srv
[8.365s] -- Up-to-date: /home/user/ros2_ws/src/ros2_ws_interface/install/ros2_ws_interface/include/ros2_ws_interface/ros2_ws_interface/srv/detail
[8.365s] -- Installing: /home/user/ros2_ws/src/ros2_ws_interface/install/ros2_ws_interface/include/ros2_ws_interface/ros2_ws_interface/srv/detail/grade_point_average__type_support.cpp
[8.365s] -- Installing: /home/user/ros2_ws/src/ros2_ws_interface/install/ros2_ws_interface/include/ros2_ws_interface/ros2_ws_interface/srv/detail/grade_point_average__rosidl_typesupport_introspection_cpp.hpp
[8.365s] -- Up-to-date: /home/user/ros2_ws/src/ros2_ws_interface/install/ros2_ws_interface/include/ros2_ws_interface/ros2_ws_interface/msg
[8.365s] -- Up-to-date: /home/user/ros2_ws/src/ros2_ws_interface/install/ros2_ws_interface/include/ros2_ws_interface/ros2_ws_interface/msg/detail
[8.366s] -- Installing: /home/user/ros2_ws/src/ros2_ws_interface/install/ros2_ws_interface/include/ros2_ws_interface/ros2_ws_interface/msg/detail/student__rosidl_typesupport_introspection_cpp.hpp
[8.366s] -- Installing: /home/user/ros2_ws/src/ros2_ws_interface/install/ros2_ws_interface/include/ros2_ws_interface/ros2_ws_interface/msg/detail/student__type_support.cpp
[8.366s] -- Installing: /home/user/ros2_ws/src/ros2_ws_interface/install/ros2_ws_interface/lib/libros2_ws_interface__rosidl_typesupport_introspection_cpp.so
[8.366s] -- Set runtime path of "/home/user/ros2_ws/src/ros2_ws_interface/install/ros2_ws_interface/lib/libros2_ws_interface__rosidl_typesupport_introspection_cpp.so" to ""
[8.366s] -- Installing: /home/user/ros2_ws/src/ros2_ws_interface/install/ros2_ws_interface/lib/libros2_ws_interface__rosidl_typesupport_cpp.so
[8.366s] -- Set runtime path of "/home/user/ros2_ws/src/ros2_ws_interface/install/ros2_ws_interface/lib/libros2_ws_interface__rosidl_typesupport_cpp.so" to ""
[8.367s] -- Up-to-date: /home/user/ros2_ws/src/ros2_ws_interface/install/ros2_ws_interface/share/ament_index/resource_index/rust_packages/ros2_ws_interface
[8.367s] -- Up-to-date: /home/user/ros2_ws/src/ros2_ws_interface/install/ros2_ws_interface/share/ros2_ws_interface/rust
[8.367s] -- Installing: /home/user/ros2_ws/src/ros2_ws_interface/install/ros2_ws_interface/share/ros2_ws_interface/rust/Cargo.toml
[8.367s] -- Up-to-date: /home/user/ros2_ws/src/ros2_ws_interface/install/ros2_ws_interface/share/ros2_ws_interface/rust/src
[8.367s] -- Installing: /home/user/ros2_ws/src/ros2_ws_interface/install/ros2_ws_interface/share/ros2_ws_interface/rust/src/msg.rs
[8.367s] -- Installing: /home/user/ros2_ws/src/ros2_ws_interface/install/ros2_ws_interface/share/ros2_ws_interface/rust/src/srv.rs
[8.367s] -- Installing: /home/user/ros2_ws/src/ros2_ws_interface/install/ros2_ws_interface/share/ros2_ws_interface/rust/src/lib.rs
[8.367s] -- Installing: /home/user/ros2_ws/src/ros2_ws_interface/install/ros2_ws_interface/share/ros2_ws_interface/rust/build.rs
[8.367s] -- Up-to-date: /home/user/ros2_ws/src/ros2_ws_interface/install/ros2_ws_interface/share/ros2_ws_interface/rust
[8.367s] -- Up-to-date: /home/user/ros2_ws/src/ros2_ws_interface/install/ros2_ws_interface/share/ros2_ws_interface/rust/Cargo.toml
[8.368s] -- Up-to-date: /home/user/ros2_ws/src/ros2_ws_interface/install/ros2_ws_interface/share/ros2_ws_interface/rust/src
[8.368s] -- Up-to-date: /home/user/ros2_ws/src/ros2_ws_interface/install/ros2_ws_interface/share/ros2_ws_interface/rust/src/msg.rs
[8.368s] -- Up-to-date: /home/user/ros2_ws/src/ros2_ws_interface/install/ros2_ws_interface/share/ros2_ws_interface/rust/src/srv.rs
[8.368s] -- Up-to-date: /home/user/ros2_ws/src/ros2_ws_interface/install/ros2_ws_interface/share/ros2_ws_interface/rust/src/lib.rs
[8.368s] -- Up-to-date: /home/user/ros2_ws/src/ros2_ws_interface/install/ros2_ws_interface/share/ros2_ws_interface/rust/build.rs
[8.368s] -- Up-to-date: /home/user/ros2_ws/src/ros2_ws_interface/install/ros2_ws_interface/share/ros2_ws_interface/rust
[8.368s] -- Up-to-date: /home/user/ros2_ws/src/ros2_ws_interface/install/ros2_ws_interface/share/ros2_ws_interface/rust/Cargo.toml
[8.368s] -- Up-to-date: /home/user/ros2_ws/src/ros2_ws_interface/install/ros2_ws_interface/share/ros2_ws_interface/rust/src
[8.368s] -- Up-to-date: /home/user/ros2_ws/src/ros2_ws_interface/install/ros2_ws_interface/share/ros2_ws_interface/rust/src/msg.rs
[8.368s] -- Up-to-date: /home/user/ros2_ws/src/ros2_ws_interface/install/ros2_ws_interface/share/ros2_ws_interface/rust/src/srv.rs
[8.369s] -- Up-to-date: /home/user/ros2_ws/src/ros2_ws_interface/install/ros2_ws_interface/share/ros2_ws_interface/rust/src/lib.rs
[8.369s] -- Up-to-date: /home/user/ros2_ws/src/ros2_ws_interface/install/ros2_ws_interface/share/ros2_ws_interface/rust/build.rs
[8.369s] -- Up-to-date: /home/user/ros2_ws/src/ros2_ws_interface/install/ros2_ws_interface/share/ros2_ws_interface/environment/pythonpath.sh
[8.369s] -- Installing: /home/user/ros2_ws/src/ros2_ws_interface/install/ros2_ws_interface/share/ros2_ws_interface/environment/pythonpath.dsv
[8.369s] -- Up-to-date: /home/user/ros2_ws/src/ros2_ws_interface/install/ros2_ws_interface/local/lib/python3.10/dist-packages/ros2_ws_interface-0.0.0-py3.10.egg-info
[8.369s] -- Installing: /home/user/ros2_ws/src/ros2_ws_interface/install/ros2_ws_interface/local/lib/python3.10/dist-packages/ros2_ws_interface-0.0.0-py3.10.egg-info/PKG-INFO
[8.369s] -- Installing: /home/user/ros2_ws/src/ros2_ws_interface/install/ros2_ws_interface/local/lib/python3.10/dist-packages/ros2_ws_interface-0.0.0-py3.10.egg-info/top_level.txt
[8.369s] -- Installing: /home/user/ros2_ws/src/ros2_ws_interface/install/ros2_ws_interface/local/lib/python3.10/dist-packages/ros2_ws_interface-0.0.0-py3.10.egg-info/SOURCES.txt
[8.369s] -- Installing: /home/user/ros2_ws/src/ros2_ws_interface/install/ros2_ws_interface/local/lib/python3.10/dist-packages/ros2_ws_interface-0.0.0-py3.10.egg-info/dependency_links.txt
[8.369s] -- Up-to-date: /home/user/ros2_ws/src/ros2_ws_interface/install/ros2_ws_interface/local/lib/python3.10/dist-packages/ros2_ws_interface
[8.369s] -- Installing: /home/user/ros2_ws/src/ros2_ws_interface/install/ros2_ws_interface/local/lib/python3.10/dist-packages/ros2_ws_interface/_ros2_ws_interface_s.ep.rosidl_typesupport_fastrtps_c.c
[8.370s] -- Installing: /home/user/ros2_ws/src/ros2_ws_interface/install/ros2_ws_interface/local/lib/python3.10/dist-packages/ros2_ws_interface/ros2_ws_interface_s__rosidl_typesupport_fastrtps_c.cpython-310-x86_64-linux-gnu.so
[8.370s] -- Installing: /home/user/ros2_ws/src/ros2_ws_interface/install/ros2_ws_interface/local/lib/python3.10/dist-packages/ros2_ws_interface/ros2_ws_interface_s__rosidl_typesupport_introspection_c.cpython-310-x86_64-linux-gnu.so
[8.370s] -- Installing: /home/user/ros2_ws/src/ros2_ws_interface/install/ros2_ws_interface/local/lib/python3.10/dist-packages/ros2_ws_interface/srv
[8.370s] -- Installing: /home/user/ros2_ws/src/ros2_ws_interface/install/ros2_ws_interface/local/lib/python3.10/dist-packages/ros2_ws_interface/srv/_grade_point_average.py
[8.370s] -- Installing: /home/user/ros2_ws/src/ros2_ws_interface/install/ros2_ws_interface/local/lib/python3.10/dist-packages/ros2_ws_interface/srv/_grade_point_average_s.c
[8.370s] -- Installing: /home/user/ros2_ws/src/ros2_ws_interface/install/ros2_ws_interface/local/lib/python3.10/dist-packages/ros2_ws_interface/srv/__init__.py
[8.370s] -- Installing: /home/user/ros2_ws/src/ros2_ws_interface/install/ros2_ws_interface/local/lib/python3.10/dist-packages/ros2_ws_interface/_ros2_ws_interface_s.ep.rosidl_typesupport_c.c
[8.370s] -- Installing: /home/user/ros2_ws/src/ros2_ws_interface/install/ros2_ws_interface/local/lib/python3.10/dist-packages/ros2_ws_interface/ros2_ws_interface_s__rosidl_typesupport_c.cpython-310-x86_64-linux-gnu.so
[8.370s] -- Up-to-date: /home/user/ros2_ws/src/ros2_ws_interface/install/ros2_ws_interface/local/lib/python3.10/dist-packages/ros2_ws_interface/msg
[8.371s] -- Installing: /home/user/ros2_ws/src/ros2_ws_interface/install/ros2_ws_interface/local/lib/python3.10/dist-packages/ros2_ws_interface/msg/__init__.py
[8.371s] -- Installing: /home/user/ros2_ws/src/ros2_ws_interface/install/ros2_ws_interface/local/lib/python3.10/dist-packages/ros2_ws_interface/msg/_student_s.c
[8.371s] -- Installing: /home/user/ros2_ws/src/ros2_ws_interface/install/ros2_ws_interface/local/lib/python3.10/dist-packages/ros2_ws_interface/msg/_student.py
[8.371s] -- Installing: /home/user/ros2_ws/src/ros2_ws_interface/install/ros2_ws_interface/local/lib/python3.10/dist-packages/ros2_ws_interface/libros2_ws_interface__rosidl_generator_py.so
[8.371s] -- Installing: /home/user/ros2_ws/src/ros2_ws_interface/install/ros2_ws_interface/local/lib/python3.10/dist-packages/ros2_ws_interface/__init__.py
[8.371s] -- Installing: /home/user/ros2_ws/src/ros2_ws_interface/install/ros2_ws_interface/local/lib/python3.10/dist-packages/ros2_ws_interface/_ros2_ws_interface_s.ep.rosidl_typesupport_introspection_c.c
[8.428s] Listing '/home/user/ros2_ws/src/ros2_ws_interface/install/ros2_ws_interface/local/lib/python3.10/dist-packages/ros2_ws_interface'...
[8.428s] Compiling '/home/user/ros2_ws/src/ros2_ws_interface/install/ros2_ws_interface/local/lib/python3.10/dist-packages/ros2_ws_interface/__init__.py'...
[8.428s] Listing '/home/user/ros2_ws/src/ros2_ws_interface/install/ros2_ws_interface/local/lib/python3.10/dist-packages/ros2_ws_interface/msg'...
[8.428s] Compiling '/home/user/ros2_ws/src/ros2_ws_interface/install/ros2_ws_interface/local/lib/python3.10/dist-packages/ros2_ws_interface/msg/__init__.py'...
[8.429s] Compiling '/home/user/ros2_ws/src/ros2_ws_interface/install/ros2_ws_interface/local/lib/python3.10/dist-packages/ros2_ws_interface/msg/_student.py'...
[8.429s] Listing '/home/user/ros2_ws/src/ros2_ws_interface/install/ros2_ws_interface/local/lib/python3.10/dist-packages/ros2_ws_interface/srv'...
[8.429s] Compiling '/home/user/ros2_ws/src/ros2_ws_interface/install/ros2_ws_interface/local/lib/python3.10/dist-packages/ros2_ws_interface/srv/__init__.py'...
[8.429s] Compiling '/home/user/ros2_ws/src/ros2_ws_interface/install/ros2_ws_interface/local/lib/python3.10/dist-packages/ros2_ws_interface/srv/_grade_point_average.py'...
[8.433s] -- Installing: /home/user/ros2_ws/src/ros2_ws_interface/install/ros2_ws_interface/local/lib/python3.10/dist-packages/ros2_ws_interface/ros2_ws_interface_s__rosidl_typesupport_fastrtps_c.cpython-310-x86_64-linux-gnu.so
[8.433s] -- Set runtime path of "/home/user/ros2_ws/src/ros2_ws_interface/install/ros2_ws_interface/local/lib/python3.10/dist-packages/ros2_ws_interface/ros2_ws_interface_s__rosidl_typesupport_fastrtps_c.cpython-310-x86_64-linux-gnu.so" to ""
[8.433s] -- Installing: /home/user/ros2_ws/src/ros2_ws_interface/install/ros2_ws_interface/local/lib/python3.10/dist-packages/ros2_ws_interface/ros2_ws_interface_s__rosidl_typesupport_introspection_c.cpython-310-x86_64-linux-gnu.so
[8.434s] -- Set runtime path of "/home/user/ros2_ws/src/ros2_ws_interface/install/ros2_ws_interface/local/lib/python3.10/dist-packages/ros2_ws_interface/ros2_ws_interface_s__rosidl_typesupport_introspection_c.cpython-310-x86_64-linux-gnu.so" to ""
[8.434s] -- Installing: /home/user/ros2_ws/src/ros2_ws_interface/install/ros2_ws_interface/local/lib/python3.10/dist-packages/ros2_ws_interface/ros2_ws_interface_s__rosidl_typesupport_c.cpython-310-x86_64-linux-gnu.so
[8.434s] -- Set runtime path of "/home/user/ros2_ws/src/ros2_ws_interface/install/ros2_ws_interface/local/lib/python3.10/dist-packages/ros2_ws_interface/ros2_ws_interface_s__rosidl_typesupport_c.cpython-310-x86_64-linux-gnu.so" to ""
[8.434s] -- Installing: /home/user/ros2_ws/src/ros2_ws_interface/install/ros2_ws_interface/lib/libros2_ws_interface__rosidl_generator_py.so
[8.435s] -- Set runtime path of "/home/user/ros2_ws/src/ros2_ws_interface/install/ros2_ws_interface/lib/libros2_ws_interface__rosidl_generator_py.so" to ""
[8.435s] -- Up-to-date: /home/user/ros2_ws/src/ros2_ws_interface/install/ros2_ws_interface/share/ros2_ws_interface/msg/Student.idl
[8.435s] -- Installing: /home/user/ros2_ws/src/ros2_ws_interface/install/ros2_ws_interface/share/ros2_ws_interface/srv/GradePointAverage.idl
[8.435s] -- Up-to-date: /home/user/ros2_ws/src/ros2_ws_interface/install/ros2_ws_interface/share/ros2_ws_interface/msg/Student.msg
[8.435s] -- Installing: /home/user/ros2_ws/src/ros2_ws_interface/install/ros2_ws_interface/share/ros2_ws_interface/srv/GradePointAverage.srv
[8.436s] -- Installing: /home/user/ros2_ws/src/ros2_ws_interface/install/ros2_ws_interface/share/ros2_ws_interface/srv/GradePointAverage_Request.msg
[8.436s] -- Installing: /home/user/ros2_ws/src/ros2_ws_interface/install/ros2_ws_interface/share/ros2_ws_interface/srv/GradePointAverage_Response.msg
[8.436s] -- Up-to-date: /home/user/ros2_ws/src/ros2_ws_interface/install/ros2_ws_interface/share/ament_index/resource_index/package_run_dependencies/ros2_ws_interface
[8.436s] -- Installing: /home/user/ros2_ws/src/ros2_ws_interface/install/ros2_ws_interface/share/ament_index/resource_index/parent_prefix_path/ros2_ws_interface
[8.436s] -- Up-to-date: /home/user/ros2_ws/src/ros2_ws_interface/install/ros2_ws_interface/share/ros2_ws_interface/environment/ament_prefix_path.sh
[8.436s] -- Installing: /home/user/ros2_ws/src/ros2_ws_interface/install/ros2_ws_interface/share/ros2_ws_interface/environment/ament_prefix_path.dsv
[8.436s] -- Up-to-date: /home/user/ros2_ws/src/ros2_ws_interface/install/ros2_ws_interface/share/ros2_ws_interface/environment/path.sh
[8.437s] -- Installing: /home/user/ros2_ws/src/ros2_ws_interface/install/ros2_ws_interface/share/ros2_ws_interface/environment/path.dsv
[8.437s] -- Up-to-date: /home/user/ros2_ws/src/ros2_ws_interface/install/ros2_ws_interface/share/ros2_ws_interface/local_setup.bash
[8.437s] -- Up-to-date: /home/user/ros2_ws/src/ros2_ws_interface/install/ros2_ws_interface/share/ros2_ws_interface/local_setup.sh
[8.437s] -- Up-to-date: /home/user/ros2_ws/src/ros2_ws_interface/install/ros2_ws_interface/share/ros2_ws_interface/local_setup.zsh
[8.437s] -- Installing: /home/user/ros2_ws/src/ros2_ws_interface/install/ros2_ws_interface/share/ros2_ws_interface/local_setup.dsv
[8.437s] -- Installing: /home/user/ros2_ws/src/ros2_ws_interface/install/ros2_ws_interface/share/ros2_ws_interface/package.dsv
[8.437s] -- Up-to-date: /home/user/ros2_ws/src/ros2_ws_interface/install/ros2_ws_interface/share/ament_index/resource_index/packages/ros2_ws_interface
[8.438s] -- Up-to-date: /home/user/ros2_ws/src/ros2_ws_interface/install/ros2_ws_interface/share/ros2_ws_interface/cmake/export_ros2_ws_interface__rosidl_generator_cExport.cmake
[8.438s] -- Up-to-date: /home/user/ros2_ws/src/ros2_ws_interface/install/ros2_ws_interface/share/ros2_ws_interface/cmake/export_ros2_ws_interface__rosidl_generator_cExport-noconfig.cmake
[8.438s] -- Up-to-date: /home/user/ros2_ws/src/ros2_ws_interface/install/ros2_ws_interface/share/ros2_ws_interface/cmake/export_ros2_ws_interface__rosidl_typesupport_fastrtps_cExport.cmake
[8.438s] -- Up-to-date: /home/user/ros2_ws/src/ros2_ws_interface/install/ros2_ws_interface/share/ros2_ws_interface/cmake/export_ros2_ws_interface__rosidl_typesupport_fastrtps_cExport-noconfig.cmake
[8.438s] -- Up-to-date: /home/user/ros2_ws/src/ros2_ws_interface/install/ros2_ws_interface/share/ros2_ws_interface/cmake/ros2_ws_interface__rosidl_typesupport_introspection_cExport.cmake
[8.438s] -- Up-to-date: /home/user/ros2_ws/src/ros2_ws_interface/install/ros2_ws_interface/share/ros2_ws_interface/cmake/ros2_ws_interface__rosidl_typesupport_introspection_cExport-noconfig.cmake
[8.438s] -- Up-to-date: /home/user/ros2_ws/src/ros2_ws_interface/install/ros2_ws_interface/share/ros2_ws_interface/cmake/ros2_ws_interface__rosidl_typesupport_cExport.cmake
[8.439s] -- Up-to-date: /home/user/ros2_ws/src/ros2_ws_interface/install/ros2_ws_interface/share/ros2_ws_interface/cmake/ros2_ws_interface__rosidl_typesupport_cExport-noconfig.cmake
[8.439s] -- Up-to-date: /home/user/ros2_ws/src/ros2_ws_interface/install/ros2_ws_interface/share/ros2_ws_interface/cmake/export_ros2_ws_interface__rosidl_generator_cppExport.cmake
[8.439s] -- Up-to-date: /home/user/ros2_ws/src/ros2_ws_interface/install/ros2_ws_interface/share/ros2_ws_interface/cmake/export_ros2_ws_interface__rosidl_typesupport_fastrtps_cppExport.cmake
[8.439s] -- Up-to-date: /home/user/ros2_ws/src/ros2_ws_interface/install/ros2_ws_interface/share/ros2_ws_interface/cmake/export_ros2_ws_interface__rosidl_typesupport_fastrtps_cppExport-noconfig.cmake
[8.439s] -- Up-to-date: /home/user/ros2_ws/src/ros2_ws_interface/install/ros2_ws_interface/share/ros2_ws_interface/cmake/ros2_ws_interface__rosidl_typesupport_introspection_cppExport.cmake
[8.439s] -- Up-to-date: /home/user/ros2_ws/src/ros2_ws_interface/install/ros2_ws_interface/share/ros2_ws_interface/cmake/ros2_ws_interface__rosidl_typesupport_introspection_cppExport-noconfig.cmake
[8.440s] -- Up-to-date: /home/user/ros2_ws/src/ros2_ws_interface/install/ros2_ws_interface/share/ros2_ws_interface/cmake/ros2_ws_interface__rosidl_typesupport_cppExport.cmake
[8.440s] -- Up-to-date: /home/user/ros2_ws/src/ros2_ws_interface/install/ros2_ws_interface/share/ros2_ws_interface/cmake/ros2_ws_interface__rosidl_typesupport_cppExport-noconfig.cmake
[8.440s] -- Up-to-date: /home/user/ros2_ws/src/ros2_ws_interface/install/ros2_ws_interface/share/ros2_ws_interface/cmake/export_ros2_ws_interface__rosidl_generator_pyExport.cmake
[8.440s] -- Up-to-date: /home/user/ros2_ws/src/ros2_ws_interface/install/ros2_ws_interface/share/ros2_ws_interface/cmake/export_ros2_ws_interface__rosidl_generator_pyExport-noconfig.cmake
[8.440s] -- Installing: /home/user/ros2_ws/src/ros2_ws_interface/install/ros2_ws_interface/share/ros2_ws_interface/cmake/rosidl_cmake-extras.cmake
[8.440s] -- Up-to-date: /home/user/ros2_ws/src/ros2_ws_interface/install/ros2_ws_interface/share/ros2_ws_interface/cmake/ament_cmake_export_include_directories-extras.cmake
[8.440s] -- Up-to-date: /home/user/ros2_ws/src/ros2_ws_interface/install/ros2_ws_interface/share/ros2_ws_interface/cmake/ament_cmake_export_libraries-extras.cmake
[8.440s] -- Up-to-date: /home/user/ros2_ws/src/ros2_ws_interface/install/ros2_ws_interface/share/ros2_ws_interface/cmake/ament_cmake_export_targets-extras.cmake
[8.441s] -- Up-to-date: /home/user/ros2_ws/src/ros2_ws_interface/install/ros2_ws_interface/share/ros2_ws_interface/cmake/rosidl_cmake_export_typesupport_targets-extras.cmake
[8.441s] -- Up-to-date: /home/user/ros2_ws/src/ros2_ws_interface/install/ros2_ws_interface/share/ros2_ws_interface/cmake/ament_cmake_export_dependencies-extras.cmake
[8.441s] -- Up-to-date: /home/user/ros2_ws/src/ros2_ws_interface/install/ros2_ws_interface/share/ros2_ws_interface/cmake/rosidl_cmake_export_typesupport_libraries-extras.cmake
[8.441s] -- Up-to-date: /home/user/ros2_ws/src/ros2_ws_interface/install/ros2_ws_interface/share/ros2_ws_interface/cmake/ros2_ws_interfaceConfig.cmake
[8.441s] -- Up-to-date: /home/user/ros2_ws/src/ros2_ws_interface/install/ros2_ws_interface/share/ros2_ws_interface/cmake/ros2_ws_interfaceConfig-version.cmake
[8.441s] -- Up-to-date: /home/user/ros2_ws/src/ros2_ws_interface/install/ros2_ws_interface/share/ros2_ws_interface/package.xml
[8.442s] Invoked command in '/home/user/ros2_ws/src/ros2_ws_interface/build/ros2_ws_interface' returned '0': CMAKE_PREFIX_PATH=${CMAKE_PREFIX_PATH}:/home/simulations/ros2_sims_ws/install/rclrs_tests:/home/simulations/ros2_sims_ws/install/examples_rclrs_minimal_client_service:/home/simulations/ros2_sims_ws/install/sensor_msgs_py:/home/simulations/ros2_sims_ws/install/examples_rclrs_minimal_pub_sub:/home/simulations/ros2_sims_ws/install/examples_rclrs_message_demo:/home/simulations/ros2_sims_ws/install/rclrs:/home/simulations/ros2_sims_ws/install/rosidl_runtime_rs:/home/user/ros2_ws/install/py_pkg:/opt/ros/humble _=/usr/bin/env /usr/bin/cmake --install /home/user/ros2_ws/src/ros2_ws_interface/build/ros2_ws_interface
